<?xml version="1.0" encoding="UTF-8"?>
<!-- Generated by org.testng.reporters.JUnitXMLReporter -->
<testsuite hostname="BDC4-L-8NGQPQ2" name="Surefire test" tests="3" failures="0" timestamp="14 Jun 2019 13:22:45 GMT" time="27.04" errors="0">
  <testcase name="perform_drag_drop" time="13.725" classname="test.ClearTrip_Assignment_2Test"/>
  <testcase name="click_on_Resizable" time="10.255" classname="test.ResizeAndDrag_Assignment_1Test"/>
  <testcase name="perform_drag_drop" time="2.958" classname="test.ResizeAndDrag_Assignment_1Test"/>
</testsuite> <!-- Surefire test -->
