<?xml version="1.0" encoding="UTF-8"?>
<!-- Generated by org.testng.reporters.JUnitXMLReporter -->
<testsuite hostname="BDC4-L-8NGQPQ2" name="cleartrip " tests="5" failures="0" timestamp="16 Jun 2019 17:06:36 GMT" time="49.988" errors="0">
  <testcase name="open_application_url" time="18.993" classname="test.ClearTrip_Assignment_2Test"/>
  <testcase name="select_from_city" time="2.808" classname="test.ClearTrip_Assignment_2Test"/>
  <testcase name="select_To_city" time="2.458" classname="test.ClearTrip_Assignment_2Test"/>
  <testcase name="select_Datepicker" time="4.714" classname="test.ClearTrip_Assignment_2Test"/>
  <testcase name="click_On_Search" time="20.887" classname="test.ClearTrip_Assignment_2Test"/>
</testsuite> <!-- cleartrip  -->
