<?xml version="1.0" encoding="UTF-8"?>
<!-- Generated by org.testng.reporters.JUnitXMLReporter -->
<testsuite hostname="BDC4-L-8NGQPQ2" name="open demoqa website " tests="1" failures="1" timestamp="14 Jun 2019 09:30:47 GMT" time="0.009" errors="0">
  <testcase name="@AfterMethod after" time="0.0" classname="test.ResizeTest">
    <failure type="java.lang.NullPointerException">
      <![CDATA[java.lang.NullPointerException
	at test.ResizeTest.after(ResizeTest.java:51)
... Removed 26 stack frames]]>
    </failure>
  </testcase> <!-- @AfterMethod after -->
  <testcase name="click_on_Resizable" time="0.002" classname="test.ResizeTest">
    <failure type="java.lang.NullPointerException">
      <![CDATA[java.lang.NullPointerException
	at test.ResizeTest.click_on_Resizable(ResizeTest.java:32)
... Removed 24 stack frames]]>
    </failure>
  </testcase> <!-- click_on_Resizable -->
</testsuite> <!-- open demoqa website  -->
