<?xml version="1.0" encoding="UTF-8"?>
<!-- Generated by org.testng.reporters.JUnitXMLReporter -->
<testsuite hostname="BDC4-L-8NGQPQ2" name="open demoqa website11 " tests="1" failures="1" timestamp="14 Jun 2019 12:07:55 GMT" time="9.548" errors="0">
  <testcase name="click_on_Resizable" time="9.408" classname="test.Assignment_1Test">
    <failure type="java.lang.NullPointerException">
      <![CDATA[java.lang.NullPointerException
	at org.openqa.selenium.support.pagefactory.DefaultElementLocator.findElement(DefaultElementLocator.java:69)
	at org.openqa.selenium.support.pagefactory.AjaxElementLocator.access$001(AjaxElementLocator.java:39)
	at org.openqa.selenium.support.pagefactory.AjaxElementLocator$SlowLoadingElement.isLoaded(AjaxElementLocator.java:194)
	at org.openqa.selenium.support.ui.SlowLoadableComponent.get(SlowLoadableComponent.java:57)
	at org.openqa.selenium.support.pagefactory.AjaxElementLocator.findElement(AjaxElementLocator.java:119)
	at org.openqa.selenium.support.pagefactory.internal.LocatingElementHandler.invoke(LocatingElementHandler.java:38)
	at com.sun.proxy.$Proxy8.click(Unknown Source)
	at Pagefactory.Resize.resizable_click(Resize.java:73)
	at test.Assignment_1Test.click_on_Resizable(Assignment_1Test.java:38)
... Removed 24 stack frames]]>
    </failure>
  </testcase> <!-- click_on_Resizable -->
</testsuite> <!-- open demoqa website11  -->
