<?xml version="1.0" encoding="UTF-8"?>
<!-- Generated by org.testng.reporters.JUnitXMLReporter -->
<testsuite hostname="BDC4-L-8NGQPQ2" name="Perform Drag And Drop  " tests="1" failures="1" timestamp="14 Jun 2019 09:30:47 GMT" time="0.01" errors="0">
  <testcase name="@AfterMethod after" time="0.0" classname="test.DragAndDropTest">
    <failure type="java.lang.NullPointerException">
      <![CDATA[java.lang.NullPointerException
	at test.DragAndDropTest.after(DragAndDropTest.java:51)
... Removed 26 stack frames]]>
    </failure>
  </testcase> <!-- @AfterMethod after -->
  <testcase name="perform_drag_drop" time="0.001" classname="test.DragAndDropTest">
    <failure type="java.lang.NullPointerException">
      <![CDATA[java.lang.NullPointerException
	at test.DragAndDropTest.perform_drag_drop(DragAndDropTest.java:34)
... Removed 24 stack frames]]>
    </failure>
  </testcase> <!-- perform_drag_drop -->
</testsuite> <!-- Perform Drag And Drop   -->
