<?xml version="1.0" encoding="UTF-8"?>
<!-- Generated by org.testng.reporters.JUnitXMLReporter -->
<testsuite hostname="BDC4-L-8NGQPQ2" name="cleartrip " tests="6" failures="0" timestamp="21 Jun 2019 06:23:49 GMT" time="50.142" errors="0">
  <testcase name="open_application_url" time="14.909" classname="test.ClearTrip_Assignment_2Test"/>
  <testcase name="select_from_city" time="2.636" classname="test.ClearTrip_Assignment_2Test"/>
  <testcase name="select_To_city" time="2.526" classname="test.ClearTrip_Assignment_2Test"/>
  <testcase name="select_Datepicker" time="4.672" classname="test.ClearTrip_Assignment_2Test"/>
  <testcase name="click_On_Search" time="14.544" classname="test.ClearTrip_Assignment_2Test"/>
  <testcase name="selct_flight" time="10.732" classname="test.ClearTrip_Assignment_2Test"/>
</testsuite> <!-- cleartrip  -->
