<?xml version="1.0" encoding="UTF-8"?>
<!-- Generated by org.testng.reporters.JUnitXMLReporter -->
<testsuite hostname="BDC4-L-8NGQPQ2" name="open demoqa " tests="3" failures="0" timestamp="21 Jun 2019 06:24:08 GMT" time="19.137" errors="0">
  <testcase name="open_Demoqa" time="9.736" classname="test.ResizeAndDrag_Assignment_1Test"/>
  <testcase name="perform_resize" time="1.883" classname="test.ResizeAndDrag_Assignment_1Test"/>
  <testcase name="perform_drag_drop" time="7.491" classname="test.ResizeAndDrag_Assignment_1Test"/>
</testsuite> <!-- open demoqa  -->
