-------------------------------------------------------------------------------
Test set: test.Assignment_1Test
-------------------------------------------------------------------------------
Tests run: 1, Failures: 1, Errors: 0, Skipped: 0, Time elapsed: 80.624 s <<< FAILURE! - in test.Assignment_1Test
click_on_Resizable(test.Assignment_1Test)  Time elapsed: 79.647 s  <<< FAILURE!
java.lang.NullPointerException
	at test.Assignment_1Test.click_on_Resizable(Assignment_1Test.java:36)

