<?xml version="1.0" encoding="UTF-8"?>
<testng-results skipped="0" failed="0" total="3" passed="3">
  <reporter-output>
    <line>
      <![CDATA[************BROWSER CLOSED SUCCESSFULLY*************]]>
    </line>
  </reporter-output>
  <suite name="Surefire suite" duration-ms="27040" started-at="2019-06-14T13:22:18Z" finished-at="2019-06-14T13:22:45Z">
    <groups>
    </groups>
    <test name="Surefire test" duration-ms="27040" started-at="2019-06-14T13:22:18Z" finished-at="2019-06-14T13:22:45Z">
      <class name="test.ClearTrip_Assignment_2Test">
        <test-method status="PASS" signature="get_objet()[pri:0, instance:test.ClearTrip_Assignment_2Test@234bef66]" name="get_objet" is-config="true" duration-ms="16" started-at="2019-06-14T18:52:18Z" finished-at="2019-06-14T18:52:18Z">
          <reporter-output>
          </reporter-output>
        </test-method> <!-- get_objet -->
        <test-method status="PASS" signature="perform_drag_drop()[pri:0, instance:test.ClearTrip_Assignment_2Test@234bef66]" name="perform_drag_drop" duration-ms="13725" started-at="2019-06-14T18:52:18Z" finished-at="2019-06-14T18:52:32Z">
          <reporter-output>
          </reporter-output>
        </test-method> <!-- perform_drag_drop -->
        <test-method status="PASS" signature="after(org.testng.ITestResult)[pri:0, instance:test.ClearTrip_Assignment_2Test@234bef66]" name="after" is-config="true" duration-ms="13" started-at="2019-06-14T18:52:32Z" finished-at="2019-06-14T18:52:32Z">
          <params>
            <param index="0">
              <value>
                <![CDATA[[TestResult name=perform_drag_drop status=SUCCESS method=ClearTrip_Assignment_2Test.perform_drag_drop()[pri:0, instance:test.ClearTrip_Assignment_2Test@234bef66] output={null}]]]>
              </value>
            </param>
          </params>
          <reporter-output>
          </reporter-output>
        </test-method> <!-- after -->
      </class> <!-- test.ClearTrip_Assignment_2Test -->
      <class name="test.BaseTest">
        <test-method status="PASS" signature="report()[pri:0, instance:test.BaseTest@52af6cff]" name="report" is-config="true" duration-ms="297" started-at="2019-06-14T18:52:18Z" finished-at="2019-06-14T18:52:18Z">
          <reporter-output>
          </reporter-output>
        </test-method> <!-- report -->
        <test-method status="PASS" signature="quit()[pri:0, instance:test.BaseTest@52af6cff]" name="quit" is-config="true" duration-ms="5618" started-at="2019-06-14T18:52:46Z" finished-at="2019-06-14T18:52:51Z">
          <reporter-output>
            <line>
              <![CDATA[************BROWSER CLOSED SUCCESSFULLY*************]]>
            </line>
          </reporter-output>
        </test-method> <!-- quit -->
      </class> <!-- test.BaseTest -->
      <class name="test.ResizeAndDrag_Assignment_1Test">
        <test-method status="PASS" signature="get_objet()[pri:0, instance:test.ResizeAndDrag_Assignment_1Test@737996a0]" name="get_objet" is-config="true" duration-ms="57" started-at="2019-06-14T18:52:32Z" finished-at="2019-06-14T18:52:32Z">
          <reporter-output>
          </reporter-output>
        </test-method> <!-- get_objet -->
        <test-method status="PASS" signature="click_on_Resizable()[pri:0, instance:test.ResizeAndDrag_Assignment_1Test@737996a0]" name="click_on_Resizable" duration-ms="10255" started-at="2019-06-14T18:52:32Z" finished-at="2019-06-14T18:52:43Z">
          <reporter-output>
          </reporter-output>
        </test-method> <!-- click_on_Resizable -->
        <test-method status="PASS" signature="after(org.testng.ITestResult)[pri:0, instance:test.ResizeAndDrag_Assignment_1Test@737996a0]" name="after" is-config="true" duration-ms="0" started-at="2019-06-14T18:52:43Z" finished-at="2019-06-14T18:52:43Z">
          <params>
            <param index="0">
              <value>
                <![CDATA[[TestResult name=click_on_Resizable status=SUCCESS method=ResizeAndDrag_Assignment_1Test.click_on_Resizable()[pri:0, instance:test.ResizeAndDrag_Assignment_1Test@737996a0] output={null}]]]>
              </value>
            </param>
          </params>
          <reporter-output>
          </reporter-output>
        </test-method> <!-- after -->
        <test-method status="PASS" signature="get_objet()[pri:0, instance:test.ResizeAndDrag_Assignment_1Test@737996a0]" name="get_objet" is-config="true" duration-ms="0" started-at="2019-06-14T18:52:43Z" finished-at="2019-06-14T18:52:43Z">
          <reporter-output>
          </reporter-output>
        </test-method> <!-- get_objet -->
        <test-method status="PASS" signature="perform_drag_drop()[pri:0, instance:test.ResizeAndDrag_Assignment_1Test@737996a0]" name="perform_drag_drop" duration-ms="2958" started-at="2019-06-14T18:52:43Z" finished-at="2019-06-14T18:52:45Z">
          <reporter-output>
          </reporter-output>
        </test-method> <!-- perform_drag_drop -->
        <test-method status="PASS" signature="after(org.testng.ITestResult)[pri:0, instance:test.ResizeAndDrag_Assignment_1Test@737996a0]" name="after" is-config="true" duration-ms="1" started-at="2019-06-14T18:52:45Z" finished-at="2019-06-14T18:52:45Z">
          <params>
            <param index="0">
              <value>
                <![CDATA[[TestResult name=perform_drag_drop status=SUCCESS method=ResizeAndDrag_Assignment_1Test.perform_drag_drop()[pri:0, instance:test.ResizeAndDrag_Assignment_1Test@737996a0] output={null}]]]>
              </value>
            </param>
          </params>
          <reporter-output>
          </reporter-output>
        </test-method> <!-- after -->
      </class> <!-- test.ResizeAndDrag_Assignment_1Test -->
    </test> <!-- Surefire test -->
  </suite> <!-- Surefire suite -->
</testng-results>
