<?xml version="1.0" encoding="UTF-8"?>
<testsuite xmlns:xsi="http://www.w3.org/2001/XMLSchema-instance" xsi:noNamespaceSchemaLocation="https://maven.apache.org/surefire/maven-surefire-plugin/xsd/surefire-test-report.xsd" name="test.Assignment_1Test" time="80.624" tests="1" errors="0" skipped="0" failures="1">
  <properties>
[...]
</properties>
  <testcase name="click_on_Resizable" classname="test.Assignment_1Test" time="79.647">
    <failure type="java.lang.NullPointerException">java.lang.NullPointerException
	at test.Assignment_1Test.click_on_Resizable(Assignment_1Test.java:36)
</failure>
    <system-err><![CDATA[Starting ChromeDriver 2.39.562718 (9a2698cba08cf5a471a29d30c8b3e12becabb0e9) on port 26453
Only local connections are allowed.
Jun 14, 2019 5:47:33 PM org.openqa.selenium.remote.ProtocolHandshake createSession
INFO: Detected dialect: OSS
]]></system-err>
  </testcase>
</testsuite>